Vivado Simulator 2018.3
Copyright 1986-1999, 2001-2018 Xilinx, Inc. All Rights Reserved.
Running: D:/Vivado/Vivado/2018.3/bin/unwrapped/win64.o/xelab.exe -wto c61f93c2cffb488aac3366376054a227 --incr --debug typical --relax --mt 2 -L xil_defaultlib -L unisims_ver -L secureip --snapshot riscv_func_synth xil_defaultlib.riscv xil_defaultlib.glbl -log elaborate.log 
Using 2 slave threads.
Starting static elaboration
Completed static elaboration
Starting simulation data flow analysis
Completed simulation data flow analysis
Time Resolution for simulation is 1ps
Compiling module unisims_ver.BUFG
Compiling module unisims_ver.IBUF
Compiling module unisims_ver.OBUF
Compiling module unisims_ver.LUT4
Compiling module unisims_ver.x_lut1_mux2
Compiling module unisims_ver.LUT1
Compiling module unisims_ver.FDRE_default
Compiling module unisims_ver.CARRY4
Compiling module xil_defaultlib.clk_divider__parameterized1
Compiling module unisims_ver.x_lut3_mux8
Compiling module unisims_ver.LUT3
Compiling module xil_defaultlib.clk_divider
Compiling module xil_defaultlib.clk_divider__parameterized0
Compiling module unisims_ver.x_lut2_mux4
Compiling module unisims_ver.LUT2
Compiling module unisims_ver.FDCE_default
Compiling module unisims_ver.LUT6
Compiling module xil_defaultlib.addr_controller__parameterized0
Compiling module unisims_ver.LUT5
Compiling module xil_defaultlib.disp_seg16x
Compiling module unisims_ver.FDRE(IS_C_INVERTED=1'b1)
Compiling module xil_defaultlib.data_memory
Compiling module xil_defaultlib.dm_addr_controller
Compiling module unisims_ver.GND
Compiling module xil_defaultlib.dist_mem_im_rom
Compiling module xil_defaultlib.dist_mem_im_dist_mem_gen_v8_0_12...
Compiling module xil_defaultlib.dist_mem_im_dist_mem_gen_v8_0_12
Compiling module xil_defaultlib.dist_mem_im
Compiling module xil_defaultlib.instruction_memory
Compiling module xil_defaultlib.pc
Compiling module unisims_ver.MUXF7
Compiling module unisims_ver.FDPE_default
Compiling module xil_defaultlib.register_file
Compiling module xil_defaultlib.addr_controller
Compiling module xil_defaultlib.riscv
Compiling module xil_defaultlib.glbl
Built simulation snapshot riscv_func_synth
